<?xml version="1.0" encoding="UTF-8"?>
<testsuite xmlns:xsi="http://www.w3.org/2001/XMLSchema-instance" xsi:noNamespaceSchemaLocation="https://maven.apache.org/surefire/maven-surefire-plugin/xsd/surefire-test-report-3.0.xsd" version="3.0" name="com.SmallConcurrency.main.StaticAnalysisTest" time="0.562" tests="8" errors="0" skipped="0" failures="0">
  <properties>
[...]
</properties>
  <testcase name="Complete" classname="com.SmallConcurrency.main.StaticAnalysisTest" time="0.5">
    <system-out><![CDATA[Finished analyzing file: Complete.smallConcurrent
The program is semantically correct!
Starting cfg generation...
Finished cfg generation!
&amp#27;[33m2024-01-09 19:52:22.107 [main] WARN  com.SmallConcurrency.staticAnalysis.StaticAnalysisVisitor - Race condition detected on variable x at line 19:
    Write may happen during read or write in another thread&amp#27;[m 
&amp#27;[33m2024-01-09 19:52:22.109 [main] WARN  com.SmallConcurrency.main.Main - Race condition detected on variable x!&amp#27;[m 
]]></system-out>
  </testcase>
  <testcase name="RC1" classname="com.SmallConcurrency.main.StaticAnalysisTest" time="0.005">
    <system-out><![CDATA[Finished analyzing file: RC1.smallConcurrent
The program is semantically correct!
Starting cfg generation...
Finished cfg generation!
&amp#27;[33m2024-01-09 19:52:22.123 [main] WARN  com.SmallConcurrency.staticAnalysis.StaticAnalysisVisitor - Race condition detected on variable y at line 11:
    Write may happen during read or write in another thread&amp#27;[m 
&amp#27;[33m2024-01-09 19:52:22.123 [main] WARN  com.SmallConcurrency.main.Main - Race condition detected on variable y!&amp#27;[m 
]]></system-out>
  </testcase>
  <testcase name="RC2" classname="com.SmallConcurrency.main.StaticAnalysisTest" time="0.004">
    <system-out><![CDATA[Finished analyzing file: RC2.smallConcurrent
The program is semantically correct!
Starting cfg generation...
Finished cfg generation!
&amp#27;[33m2024-01-09 19:52:22.128 [main] WARN  com.SmallConcurrency.staticAnalysis.StaticAnalysisVisitor - Race condition detected on variable x at line 14:
Read may happen during write in another thread&amp#27;[m 
&amp#27;[33m2024-01-09 19:52:22.129 [main] WARN  com.SmallConcurrency.main.Main - Race condition detected on variable x!&amp#27;[m 
]]></system-out>
  </testcase>
  <testcase name="RC3" classname="com.SmallConcurrency.main.StaticAnalysisTest" time="0.004">
    <system-out><![CDATA[Finished analyzing file: RC3.smallConcurrent
The program is semantically correct!
Starting cfg generation...
Finished cfg generation!
&amp#27;[33m2024-01-09 19:52:22.134 [main] WARN  com.SmallConcurrency.staticAnalysis.StaticAnalysisVisitor - Race condition detected on variable y at line 14:
    Write may happen during read or write in another thread&amp#27;[m 
&amp#27;[33m2024-01-09 19:52:22.134 [main] WARN  com.SmallConcurrency.main.Main - Race condition detected on variable y!&amp#27;[m 
]]></system-out>
  </testcase>
  <testcase name="RC4" classname="com.SmallConcurrency.main.StaticAnalysisTest" time="0.005">
    <system-out><![CDATA[Finished analyzing file: RC4.smallConcurrent
The program is semantically correct!
Starting cfg generation...
Finished cfg generation!
&amp#27;[33m2024-01-09 19:52:22.139 [main] WARN  com.SmallConcurrency.staticAnalysis.StaticAnalysisVisitor - Race condition detected on variable x at line 14:
Read may happen during write in another thread&amp#27;[m 
&amp#27;[33m2024-01-09 19:52:22.139 [main] WARN  com.SmallConcurrency.staticAnalysis.StaticAnalysisVisitor - Race condition detected on variable y at line 14:
    Write may happen during read or write in another thread&amp#27;[m 
&amp#27;[33m2024-01-09 19:52:22.140 [main] WARN  com.SmallConcurrency.main.Main - Race condition detected on variable x!&amp#27;[m 
&amp#27;[33m2024-01-09 19:52:22.140 [main] WARN  com.SmallConcurrency.main.Main - Race condition detected on variable y!&amp#27;[m 
]]></system-out>
  </testcase>
  <testcase name="NoRC1" classname="com.SmallConcurrency.main.StaticAnalysisTest" time="0.004">
    <system-out><![CDATA[Finished analyzing file: NoRC1.smallConcurrent
The program is semantically correct!
Starting cfg generation...
Finished cfg generation!
]]></system-out>
  </testcase>
  <testcase name="NoRC2" classname="com.SmallConcurrency.main.StaticAnalysisTest" time="0.004">
    <system-out><![CDATA[Finished analyzing file: NoRC2.smallConcurrent
The program is semantically correct!
Starting cfg generation...
Finished cfg generation!
]]></system-out>
  </testcase>
  <testcase name="NoRC3" classname="com.SmallConcurrency.main.StaticAnalysisTest" time="0.005">
    <system-out><![CDATA[Finished analyzing file: NoRC3.smallConcurrent
The program is semantically correct!
Starting cfg generation...
Finished cfg generation!
]]></system-out>
  </testcase>
</testsuite>